<?xml version="1.0" encoding="UTF-8"?>
<!-- Generated by org.testng.reporters.JUnitXMLReporter -->
<testsuite ignored="0" hostname="serahate-4S6RKN3" failures="0" tests="4" name="ChromeDriverTest" time="29.477" errors="0" timestamp="2023-12-07T11:43:30 IST">
  <testcase classname="com.SauceDemo.TestClasses.TC01LoginFunctionality" name="loginFunctionalityTest" time="0.459"/>
  <testcase classname="com.SauceDemo.TestClasses.TC02LogoutFunctionality" name="LogoutFunctionality" time="4.188"/>
  <testcase classname="com.SauceDemo.TestClasses.TC03SingleProductAddToCartFunctionality" name="SingleProductAddToCartFunctionality" time="0.676"/>
  <testcase classname="com.SauceDemo.TestClasses.TC04MultipleProductAddToCartFunctionality" name="MultipleProductAddToCartFunctionality" time="0.644"/>
</testsuite> <!-- ChromeDriverTest -->
