<?xml version="1.0" encoding="UTF-8"?>
<!-- Generated by org.testng.reporters.JUnitXMLReporter -->
<testsuite ignored="0" hostname="serahate-4S6RKN3" failures="0" tests="4" name="EdgeDriverTest" time="7.341" errors="0" timestamp="2023-12-05T14:26:21 IST">
  <testcase classname="com.SauceDemo.TestClasses.TC01LoginFunctionality" name="loginFunctionalityTest" time="0.0">
    <skipped/>
  </testcase> <!-- loginFunctionalityTest -->
  <testcase classname="com.SauceDemo.TestClasses.TC02LogoutFunctionality" name="LogoutFunctionality" time="0.0">
    <skipped/>
  </testcase> <!-- LogoutFunctionality -->
  <testcase classname="com.SauceDemo.TestClasses.TC03SingleProductAddToCartFunctionality" name="SingleProductAddToCartFunctionality" time="0.0">
    <skipped/>
  </testcase> <!-- SingleProductAddToCartFunctionality -->
  <testcase classname="com.SauceDemo.TestClasses.TC04MultipleProductAddToCartFunctionality" name="MultipleProductAddToCartFunctionality" time="0.0">
    <skipped/>
  </testcase> <!-- MultipleProductAddToCartFunctionality -->
</testsuite> <!-- EdgeDriverTest -->
