<?xml version="1.0" encoding="UTF-8"?>
<!-- Generated by org.testng.reporters.JUnitXMLReporter -->
<testsuite ignored="0" hostname="serahate-4S6RKN3" failures="0" tests="2" name="Low Test" time="29.444" errors="0" timestamp="2023-12-05T10:46:00 IST">
  <testcase classname="com.SauceDemo.TestClasses.TC03SingleProductAddToCartFunctionality" name="SingleProductAddToCartFunctionality" time="0.42"/>
  <testcase classname="com.SauceDemo.TestClasses.TC04MultipleProductAddToCartFunctionality" name="MultipleProductAddToCartFunctionality" time="0.424"/>
</testsuite> <!-- Low Test -->
